<?xml version="1.0" encoding="UTF-8"?>
<!-- Generated by org.testng.reporters.JUnitReportReporter -->
<testsuite hostname="Mypc" name="testNG.EmpReg_TestNG" tests="3" failures="0" timestamp="18 Oct 2018 01:54:58 GMT" time="30.619" errors="0">
  <testcase name="Org_Empreg" time="9.081" classname="testNG.EmpReg_TestNG"/>
  <testcase name="Org_Empreg" time="11.482" classname="testNG.EmpReg_TestNG"/>
  <testcase name="Org_Empreg" time="10.056" classname="testNG.EmpReg_TestNG"/>
</testsuite> <!-- testNG.EmpReg_TestNG -->
