<?xml version="1.0" encoding="UTF-8"?>
<!-- Generated by org.testng.reporters.JUnitReportReporter -->
<testsuite hostname="Mypc" name="testNG.UserReg_TestNG" tests="1" failures="0" timestamp="18 Oct 2018 01:45:55 GMT" time="17.375" errors="0">
  <testcase name="Org_Userreg" time="17.375" classname="testNG.UserReg_TestNG"/>
</testsuite> <!-- testNG.UserReg_TestNG -->
