<?xml version="1.0" encoding="UTF-8"?>
<!-- Generated by org.testng.reporters.JUnitReportReporter -->
<testsuite hostname="Mypc" name="testNG.TestNGAnnotationsEg" tests="3" failures="0" timestamp="18 Oct 2018 01:07:40 GMT" time="0.122" errors="0">
  <testcase name="Function1" time="0.031" classname="testNG.TestNGAnnotationsEg"/>
  <testcase name="Function2" time="0.048" classname="testNG.TestNGAnnotationsEg"/>
  <testcase name="Apple" time="0.043" classname="testNG.TestNGAnnotationsEg"/>
</testsuite> <!-- testNG.TestNGAnnotationsEg -->
