<?xml version="1.0" encoding="UTF-8"?>
<!-- Generated by org.testng.reporters.JUnitReportReporter -->
<testsuite hostname="Mypc" name="pom.LoginTC" tests="1" failures="0" timestamp="19 Oct 2018 01:24:45 GMT" time="49.887" errors="0">
  <testcase name="login" time="49.887" classname="pom.LoginTC"/>
</testsuite> <!-- pom.LoginTC -->
